S3 bucket: 'danilopoccia'
S3 prefix: ''
AWS region for SNS/SQS: 'eu-west-1'
SNS topic ARN: 'arn:aws:sns:eu-west-1:514247453397:danilop-fs-topic'
SQS queue wait time (in seconds): '0'
SQS queue polling interval (in seconds): '5'
Cache max entries: '1000000'
Cache max size (in bytes): '1073741824'
Cache check memory interval (in seconds): '10'
Download buffer size (in KB, 0 to disable buffering): '10485760'
Write metadata (file system attr/xattr) on S3: 'False'
SQS queue name (new): 'danilopoccia--5'
Unique node ID: 'danilopoccia--5'
listening on queue danilopoccia--5
file system unmount
S3 bucket: 'danilopoccia'
S3 prefix: ''
AWS region for SNS/SQS: 'eu-west-1'
SNS topic ARN: 'arn:aws:sns:eu-west-1:514247453397:danilop-fs-topic'
SQS queue wait time (in seconds): '0'
SQS queue polling interval (in seconds): '5'
Cache max entries: '1000000'
Cache max size (in bytes): '1073741824'
Cache check memory interval (in seconds): '10'
Download buffer size (in KB, 0 to disable buffering): '10485760'
Write metadata (file system attr/xattr) on S3: 'False'
SQS queue name (new): 'danilopoccia--4'
Unique node ID: 'danilopoccia--4'
listening on queue danilopoccia--4
file system unmount
